e:\c_projects_folder\first_year_final_project\build\chess_in_c.dir\debug\vc143.pdb
e:\c_projects_folder\first_year_final_project\build\chess_in_c.dir\debug\chess_unmake.obj
e:\c_projects_folder\first_year_final_project\build\chess_in_c.dir\debug\chess_piece_data.obj
e:\c_projects_folder\first_year_final_project\build\chess_in_c.dir\debug\chess_moves.obj
e:\c_projects_folder\first_year_final_project\build\chess_in_c.dir\debug\chess_game.obj
e:\c_projects_folder\first_year_final_project\build\chess_in_c.dir\debug\chess_checksandpins.obj
e:\c_projects_folder\first_year_final_project\build\chess_in_c.dir\debug\chess_board.obj
e:\c_projects_folder\first_year_final_project\build\chess_in_c.dir\debug\chess_fen.obj
e:\c_projects_folder\first_year_final_project\build\chess_in_c.dir\debug\chessboard.obj
e:\c_projects_folder\first_year_final_project\build\cmakefiles\generate.stamp
e:\c_projects_folder\first_year_final_project\debug\chess_in_c.exe
e:\c_projects_folder\first_year_final_project\debug\chess_in_c.pdb
e:\c_projects_folder\first_year_final_project\build\chess_in_c.dir\debug\chess_in_c.ilk
e:\c_projects_folder\first_year_final_project\build\chess_in_c.dir\debug\chess_in_c.tlog\cl.command.1.tlog
e:\c_projects_folder\first_year_final_project\build\chess_in_c.dir\debug\chess_in_c.tlog\cl.items.tlog
e:\c_projects_folder\first_year_final_project\build\chess_in_c.dir\debug\chess_in_c.tlog\cl.read.1.tlog
e:\c_projects_folder\first_year_final_project\build\chess_in_c.dir\debug\chess_in_c.tlog\cl.write.1.tlog
e:\c_projects_folder\first_year_final_project\build\chess_in_c.dir\debug\chess_in_c.tlog\custombuild.command.1.tlog
e:\c_projects_folder\first_year_final_project\build\chess_in_c.dir\debug\chess_in_c.tlog\custombuild.read.1.tlog
e:\c_projects_folder\first_year_final_project\build\chess_in_c.dir\debug\chess_in_c.tlog\custombuild.write.1.tlog
e:\c_projects_folder\first_year_final_project\build\chess_in_c.dir\debug\chess_in_c.tlog\link.command.1.tlog
e:\c_projects_folder\first_year_final_project\build\chess_in_c.dir\debug\chess_in_c.tlog\link.read.1.tlog
e:\c_projects_folder\first_year_final_project\build\chess_in_c.dir\debug\chess_in_c.tlog\link.secondary.1.tlog
e:\c_projects_folder\first_year_final_project\build\chess_in_c.dir\debug\chess_in_c.tlog\link.write.1.tlog
